<?xml version="1.0" encoding="UTF-8"?>
<!-- Generated by org.testng.reporters.JUnitXMLReporter -->
<testsuite ignored="0" hostname="KHANH-PC" failures="0" tests="4" name="DN1" time="13.69" errors="0" timestamp="2022-11-25T12:28:58 ICT">
  <testcase classname="test.Han.TestLogin" name="lauchWebsite" time="3.163"/>
  <testcase classname="test.Han.TestLogin" name="FillLoginDetails" time="1.497"/>
  <testcase classname="test.Han.TestLogin" name="DoLogin" time="4.461"/>
  <testcase classname="test.Han.TestLogin" name="isAdmin" time="2.078"/>
</testsuite> <!-- DN1 -->
