<?xml version="1.0" encoding="UTF-8"?>
<!-- Generated by org.testng.reporters.JUnitXMLReporter -->
<testsuite ignored="0" hostname="HAN-NGUYEN" failures="0" tests="4" name="DN1" time="12.486" errors="0" timestamp="2022-11-22T23:05:11 ICT">
  <testcase classname="test.Han.TestLogin" name="lauchWebsite" time="2.817"/>
  <testcase classname="test.Han.TestLogin" name="FillLoginDetails" time="1.191"/>
  <testcase classname="test.Han.TestLogin" name="DoLogin" time="4.097"/>
  <testcase classname="test.Han.TestLogin" name="isAdmin" time="2.041"/>
</testsuite> <!-- DN1 -->
