<?xml version="1.0" encoding="UTF-8"?>
<!-- Generated by org.testng.reporters.JUnitXMLReporter -->
<testsuite ignored="0" hostname="KHANH-PC" failures="1" tests="4" name="DN2" time="15.406" errors="0" timestamp="2022-11-26T09:30:04 ICT">
  <testcase classname="test.Han.TestLogin" name="lauchWebsite" time="3.218"/>
  <testcase classname="test.Han.TestLogin" name="FillLoginDetails" time="1.488"/>
  <testcase classname="test.Han.TestLogin" name="DoLogin" time="4.253"/>
  <testcase classname="test.Han.TestLogin" name="isAdmin" time="5.039">
    <failure type="java.lang.AssertionError">
      <![CDATA[java.lang.AssertionError: 
at test.Han.TestLogin.isAdmin(TestLogin.java:117)
at java.base/java.util.ArrayList.forEach(ArrayList.java:1511)
... Removed 28 stack frames]]>
    </failure>
  </testcase> <!-- isAdmin -->
</testsuite> <!-- DN2 -->
