<?xml version="1.0" encoding="UTF-8"?>
<!-- Generated by org.testng.reporters.JUnitXMLReporter -->
<testsuite ignored="0" hostname="KHANH-PC" failures="1" tests="4" name="DN2" time="16.433" errors="0" timestamp="2022-12-08T18:01:14 ICT">
  <testcase classname="test.Han.TestLogin" name="lauchWebsite" time="2.882"/>
  <testcase classname="test.Han.TestLogin" name="FillLoginDetails" time="1.446"/>
  <testcase classname="test.Han.TestLogin" name="DoLogin" time="5.916"/>
  <testcase classname="test.Han.TestLogin" name="isAdmin" time="5.048">
    <failure type="java.lang.AssertionError">
      <![CDATA[java.lang.AssertionError: 
at test.Han.TestLogin.isAdmin(TestLogin.java:117)
at java.base/java.util.ArrayList.forEach(ArrayList.java:1511)
... Removed 28 stack frames]]>
    </failure>
  </testcase> <!-- isAdmin -->
</testsuite> <!-- DN2 -->
