<?xml version="1.0" encoding="UTF-8"?>
<!-- Generated by org.testng.reporters.JUnitXMLReporter -->
<testsuite ignored="0" hostname="KHANH-PC" failures="2" tests="4" name="DN3" time="17.918" errors="0" timestamp="2022-11-25T12:29:32 ICT">
  <testcase classname="test.Han.TestLogin" name="lauchWebsite" time="2.88"/>
  <testcase classname="test.Han.TestLogin" name="FillLoginDetails" time="1.449"/>
  <testcase classname="test.Han.TestLogin" name="DoLogin" time="7.145">
    <failure type="java.lang.AssertionError">
      <![CDATA[java.lang.AssertionError: 
at test.Han.TestLogin.DoLogin(TestLogin.java:98)
at java.base/java.util.ArrayList.forEach(ArrayList.java:1511)
... Removed 28 stack frames]]>
    </failure>
  </testcase> <!-- DoLogin -->
  <testcase classname="test.Han.TestLogin" name="isAdmin" time="5.024">
    <failure type="java.lang.AssertionError">
      <![CDATA[java.lang.AssertionError: 
at test.Han.TestLogin.isAdmin(TestLogin.java:117)
at java.base/java.util.ArrayList.forEach(ArrayList.java:1511)
... Removed 28 stack frames]]>
    </failure>
  </testcase> <!-- isAdmin -->
</testsuite> <!-- DN3 -->
