<?xml version="1.0" encoding="UTF-8"?>
<!-- Generated by org.testng.reporters.JUnitXMLReporter -->
<testsuite ignored="0" hostname="FoX" failures="0" tests="4" name="UE" time="11.795" errors="0" timestamp="2022-11-26T12:50:14 ICT">
  <testcase classname="test.Duong.TestUserEdit" name="lauchWebsite" time="3.727"/>
  <testcase classname="test.Duong.TestUserEdit" name="Fill_UserEdit_Detail" time="0.45"/>
  <testcase classname="test.Duong.TestUserEdit" name="DoCreate" time="1.78"/>
  <testcase classname="test.Duong.TestUserEdit" name="DeleteUserOnTable" time="2.949"/>
</testsuite> <!-- UE -->
