<?xml version="1.0" encoding="UTF-8"?>
<!-- Generated by org.testng.reporters.JUnitXMLReporter -->
<testsuite ignored="0" hostname="KHANH-PC" failures="0" tests="4" name="TM1" time="23.999" errors="0" timestamp="2022-11-25T17:44:47 ICT">
  <testcase classname="test.Khanh.Test_Editing_Delete_VD" name="OpenWebsite" time="2.181"/>
  <testcase classname="test.Khanh.Test_Editing_Delete_VD" name="Fill_VideoEdit_Detail" time="0.335"/>
  <testcase classname="test.Khanh.Test_Editing_Delete_VD" name="DoCreate" time="1.443"/>
  <testcase classname="test.Khanh.Test_Editing_Delete_VD" name="DeleteVideoOnTable" time="2.388"/>
</testsuite> <!-- TM1 -->
