<?xml version="1.0" encoding="UTF-8"?>
<!-- Generated by org.testng.reporters.JUnitXMLReporter -->
<testsuite ignored="0" hostname="KHANH-PC" failures="0" tests="4" name="TM1" time="10.649" errors="0" timestamp="2022-11-26T09:31:53 ICT">
  <testcase classname="test.Khanh.Test_Editing_Delete_VD" name="OpenWebsite" time="3.683"/>
  <testcase classname="test.Khanh.Test_Editing_Delete_VD" name="Fill_VideoEdit_Detail" time="0.625"/>
  <testcase classname="test.Khanh.Test_Editing_Delete_VD" name="DoCreate" time="1.585"/>
  <testcase classname="test.Khanh.Test_Editing_Delete_VD" name="DeleteVideoOnTable" time="2.546"/>
</testsuite> <!-- TM1 -->
