<?xml version="1.0" encoding="UTF-8"?>
<!-- Generated by org.testng.reporters.JUnitXMLReporter -->
<testsuite ignored="0" hostname="KHANH-PC" failures="2" tests="4" name="TM3" time="16.533" errors="0" timestamp="2022-11-25T17:45:20 ICT">
  <testcase classname="test.Khanh.Test_Editing_Delete_VD" name="OpenWebsite" time="2.139"/>
  <testcase classname="test.Khanh.Test_Editing_Delete_VD" name="Fill_VideoEdit_Detail" time="0.321"/>
  <testcase classname="test.Khanh.Test_Editing_Delete_VD" name="DoCreate" time="6.08">
    <failure type="java.lang.AssertionError">
      <![CDATA[java.lang.AssertionError: 
at test.Khanh.Test_Editing_Delete_VD.DoCreate(Test_Editing_Delete_VD.java:115)
at java.base/java.util.ArrayList.forEach(ArrayList.java:1511)
... Removed 28 stack frames]]>
    </failure>
  </testcase> <!-- DoCreate -->
  <testcase classname="test.Khanh.Test_Editing_Delete_VD" name="DeleteVideoOnTable" time="7.105">
    <failure type="java.lang.AssertionError">
      <![CDATA[java.lang.AssertionError: 
at test.Khanh.Test_Editing_Delete_VD.DeleteVideoOnTable(Test_Editing_Delete_VD.java:141)
at java.base/java.util.ArrayList.forEach(ArrayList.java:1511)
... Removed 28 stack frames]]>
    </failure>
  </testcase> <!-- DeleteVideoOnTable -->
</testsuite> <!-- TM3 -->
