<?xml version="1.0" encoding="UTF-8"?>
<!-- Generated by org.testng.reporters.JUnitXMLReporter -->
<testsuite ignored="0" hostname="KHANH-PC" failures="0" tests="4" name="VE1" time="9.168" errors="0" timestamp="2022-11-26T09:54:37 ICT">
  <testcase classname="test.Khanh.Test_Editing_Delete_VD" name="OpenWebsite" time="2.191"/>
  <testcase classname="test.Khanh.Test_Editing_Delete_VD" name="Fill_VideoEdit_Detail" time="0.57"/>
  <testcase classname="test.Khanh.Test_Editing_Delete_VD" name="DoCreate" time="1.549"/>
  <testcase classname="test.Khanh.Test_Editing_Delete_VD" name="DeleteVideoOnTable" time="2.555"/>
</testsuite> <!-- VE1 -->
