<?xml version="1.0" encoding="UTF-8"?>
<!-- Generated by org.testng.reporters.JUnitXMLReporter -->
<testsuite ignored="0" hostname="KHANH-PC" failures="2" tests="4" name="VE3" time="17.238" errors="0" timestamp="2022-11-26T09:55:12 ICT">
  <testcase classname="test.Khanh.Test_Editing_Delete_VD" name="OpenWebsite" time="2.236"/>
  <testcase classname="test.Khanh.Test_Editing_Delete_VD" name="Fill_VideoEdit_Detail" time="0.449"/>
  <testcase classname="test.Khanh.Test_Editing_Delete_VD" name="DoCreate" time="6.139">
    <failure type="java.lang.AssertionError">
      <![CDATA[java.lang.AssertionError: 
at test.Khanh.Test_Editing_Delete_VD.DoCreate(Test_Editing_Delete_VD.java:116)
at java.base/java.util.ArrayList.forEach(ArrayList.java:1511)
... Removed 28 stack frames]]>
    </failure>
  </testcase> <!-- DoCreate -->
  <testcase classname="test.Khanh.Test_Editing_Delete_VD" name="DeleteVideoOnTable" time="7.127">
    <failure type="java.lang.AssertionError">
      <![CDATA[java.lang.AssertionError: 
at test.Khanh.Test_Editing_Delete_VD.DeleteVideoOnTable(Test_Editing_Delete_VD.java:142)
at java.base/java.util.ArrayList.forEach(ArrayList.java:1511)
... Removed 28 stack frames]]>
    </failure>
  </testcase> <!-- DeleteVideoOnTable -->
</testsuite> <!-- VE3 -->
