<?xml version="1.0" encoding="UTF-8"?>
<!-- Generated by org.testng.reporters.JUnitXMLReporter -->
<testsuite ignored="0" hostname="KHANH-PC" failures="0" tests="3" name="Default test" time="7.856" errors="0" timestamp="2022-11-25T00:35:13 ICT">
  <testcase classname="test.Khanh.TestSlider" name="lauchWebsite" time="2.047"/>
  <testcase classname="test.Khanh.TestSlider" name="Button_Slide" time="3.019"/>
  <testcase classname="test.Khanh.TestSlider" name="Button_Detail" time="0.838"/>
</testsuite> <!-- Default test -->
