<?xml version="1.0" encoding="UTF-8"?>
<!-- Generated by org.testng.reporters.JUnitXMLReporter -->
<testsuite ignored="0" hostname="KHANH-PC" failures="0" tests="4" name="Default test" time="8.458" errors="0" timestamp="2022-11-25T00:03:59 ICT">
  <testcase classname="test.Khanh.Test_Editing_Delete_VD" name="OpenWebsite" time="2.147"/>
  <testcase classname="test.Khanh.Test_Editing_Delete_VD" name="Fill_VideoEdit_Detail" time="0.346"/>
  <testcase classname="test.Khanh.Test_Editing_Delete_VD" name="DoCreate" time="1.438"/>
  <testcase classname="test.Khanh.Test_Editing_Delete_VD" name="DeleteVideoOnTable" time="2.38"/>
</testsuite> <!-- Default test -->
