<?xml version="1.0" encoding="UTF-8"?>
<!-- Generated by org.testng.reporters.JUnitXMLReporter -->
<testsuite ignored="0" hostname="KHANH-PC" failures="0" tests="4" name="UE" time="7.96" errors="0" timestamp="2022-11-26T13:28:11 ICT">
  <testcase classname="test.Duong.TestUserEdit" name="lauchWebsite" time="2.166"/>
  <testcase classname="test.Duong.TestUserEdit" name="Fill_UserEdit_Detail" time="0.267"/>
  <testcase classname="test.Duong.TestUserEdit" name="DoCreate" time="1.369"/>
  <testcase classname="test.Duong.TestUserEdit" name="DeleteUserOnTable" time="2.439"/>
</testsuite> <!-- UE -->
