<?xml version="1.0" encoding="UTF-8"?>
<!-- Generated by org.testng.reporters.JUnitXMLReporter -->
<testsuite ignored="0" hostname="FoX" failures="0" tests="4" name="UE" time="14.831" errors="0" timestamp="2022-11-26T12:58:39 ICT">
  <testcase classname="test.Duong.TestUserEdit" name="lauchWebsite" time="4.74"/>
  <testcase classname="test.Duong.TestUserEdit" name="Fill_UserEdit_Detail" time="0.451"/>
  <testcase classname="test.Duong.TestUserEdit" name="DoCreate" time="1.634"/>
  <testcase classname="test.Duong.TestUserEdit" name="DeleteUserOnTable" time="3.143"/>
</testsuite> <!-- UE -->
