<?xml version="1.0" encoding="UTF-8"?>
<!-- Generated by org.testng.reporters.JUnitXMLReporter -->
<testsuite ignored="0" hostname="KHANH-PC" failures="2" tests="4" name="UE2" time="17.481" errors="0" timestamp="2022-11-26T17:29:32 ICT">
  <testcase classname="test.Duong.TestUserEdit" name="lauchWebsite" time="2.293"/>
  <testcase classname="test.Duong.TestUserEdit" name="Fill_UserEdit_Detail" time="0.301"/>
  <testcase classname="test.Duong.TestUserEdit" name="DoCreate" time="6.126">
    <failure type="java.lang.AssertionError">
      <![CDATA[java.lang.AssertionError: 
at test.Duong.TestUserEdit.DoCreate(TestUserEdit.java:106)
at java.base/java.util.ArrayList.forEach(ArrayList.java:1511)
... Removed 28 stack frames]]>
    </failure>
  </testcase> <!-- DoCreate -->
  <testcase classname="test.Duong.TestUserEdit" name="DeleteUserOnTable" time="7.152">
    <failure type="java.lang.AssertionError">
      <![CDATA[java.lang.AssertionError: 
at test.Duong.TestUserEdit.DeleteUserOnTable(TestUserEdit.java:132)
at java.base/java.util.ArrayList.forEach(ArrayList.java:1511)
... Removed 28 stack frames]]>
    </failure>
  </testcase> <!-- DeleteUserOnTable -->
</testsuite> <!-- UE2 -->
