<?xml version="1.0" encoding="UTF-8"?>
<!-- Generated by org.testng.reporters.JUnitXMLReporter -->
<testsuite ignored="0" hostname="FoX" failures="2" tests="4" name="UE3" time="18.516" errors="0" timestamp="2022-11-26T12:59:16 ICT">
  <testcase classname="test.Duong.TestUserEdit" name="lauchWebsite" time="3.588"/>
  <testcase classname="test.Duong.TestUserEdit" name="Fill_UserEdit_Detail" time="0.343"/>
  <testcase classname="test.Duong.TestUserEdit" name="DoCreate" time="6.122">
    <failure type="java.lang.AssertionError">
      <![CDATA[java.lang.AssertionError: 
at test.Duong.TestUserEdit.DoCreate(TestUserEdit.java:106)
at java.base/java.util.ArrayList.forEach(ArrayList.java:1511)
... Removed 30 stack frames]]>
    </failure>
  </testcase> <!-- DoCreate -->
  <testcase classname="test.Duong.TestUserEdit" name="DeleteUserOnTable" time="7.117">
    <failure type="java.lang.AssertionError">
      <![CDATA[java.lang.AssertionError: 
at test.Duong.TestUserEdit.DeleteUserOnTable(TestUserEdit.java:132)
at java.base/java.util.ArrayList.forEach(ArrayList.java:1511)
... Removed 30 stack frames]]>
    </failure>
  </testcase> <!-- DeleteUserOnTable -->
</testsuite> <!-- UE3 -->
