<?xml version="1.0" encoding="UTF-8"?>
<!-- Generated by org.testng.reporters.JUnitXMLReporter -->
<testsuite ignored="0" hostname="huylee-1007" failures="2" tests="3" name="DK2" time="7.368" errors="0" timestamp="2022-11-26T09:34:06 ICT">
  <testcase classname="test.Huy.TestDk" name="lauchWebsite" time="4.017">
    <failure type="java.lang.AssertionError">
      <![CDATA[java.lang.AssertionError: 
at test.Huy.TestDk.lauchWebsite(TestDk.java:60)
at java.base/java.util.ArrayList.forEach(ArrayList.java:1511)
... Removed 28 stack frames]]>
    </failure>
  </testcase> <!-- lauchWebsite -->
  <testcase classname="test.Huy.TestDk" name="FillRegisterDetails" time="1.258"/>
  <testcase classname="test.Huy.TestDk" name="DoRegister" time="1.099">
    <failure type="java.lang.AssertionError">
      <![CDATA[java.lang.AssertionError: 
at test.Huy.TestDk.DoRegister(TestDk.java:108)
at java.base/java.util.ArrayList.forEach(ArrayList.java:1511)
... Removed 28 stack frames]]>
    </failure>
  </testcase> <!-- DoRegister -->
</testsuite> <!-- DK2 -->
